0 info it worked if it ends with ok
1 verbose cli [ 'C:\\Program Files (x86)\\nodejs\\\\node.exe',
1 verbose cli   'C:\\Program Files (x86)\\nodejs\\node_modules\\npm\\bin\\npm-cli.js',
1 verbose cli   'shrinkwrap' ]
2 info using npm@2.11.3
3 info using node@v0.12.7
4 warn shrinkwrap Excluding devDependency: gulp undefined
5 verbose stack TypeError: Cannot convert undefined or null to object
5 verbose stack     at C:\Program Files (x86)\nodejs\node_modules\npm\lib\shrinkwrap.js:55:39
5 verbose stack     at Array.forEach (native)
5 verbose stack     at C:\Program Files (x86)\nodejs\node_modules\npm\lib\shrinkwrap.js:48:43
5 verbose stack     at C:\Program Files (x86)\nodejs\node_modules\npm\node_modules\read-package-json\read-json.js:345:5
5 verbose stack     at checkBinReferences_ (C:\Program Files (x86)\nodejs\node_modules\npm\node_modules\read-package-json\read-json.js:309:45)
5 verbose stack     at final (C:\Program Files (x86)\nodejs\node_modules\npm\node_modules\read-package-json\read-json.js:343:3)
5 verbose stack     at then (C:\Program Files (x86)\nodejs\node_modules\npm\node_modules\read-package-json\read-json.js:113:5)
5 verbose stack     at C:\Program Files (x86)\nodejs\node_modules\npm\node_modules\read-package-json\read-json.js:232:12
5 verbose stack     at evalmachine.<anonymous>:334:14
5 verbose stack     at C:\Program Files (x86)\nodejs\node_modules\npm\node_modules\graceful-fs\graceful-fs.js:102:5
6 verbose cwd C:\wamp\www\stage_long
7 error Windows_NT 6.3.9600
8 error argv "C:\\Program Files (x86)\\nodejs\\\\node.exe" "C:\\Program Files (x86)\\nodejs\\node_modules\\npm\\bin\\npm-cli.js" "shrinkwrap"
9 error node v0.12.7
10 error npm  v2.11.3
11 error Cannot convert undefined or null to object
12 error If you need help, you may report this error at:
12 error     <https://github.com/npm/npm/issues>
13 verbose exit [ 1, true ]
